  MGDebug.cpp
  正在生成代码...
  正在编译...
  main.cpp
  MGWindow_win32.cpp
  MGWindow_glfw.cpp
  MGWindow_Share.cpp
  MGRenderer.cpp
d:\c++projects\magnetkernel\magnetkernel\mgrenderer.cpp(213): warning C4018: “<”: 有符号/无符号不匹配
d:\c++projects\magnetkernel\magnetkernel\mgrenderer.cpp(217): warning C4554: “&”: 检查运算符优先级可能存在的错误；使用圆括号阐明优先级
d:\c++projects\magnetkernel\magnetkernel\mgrenderer.cpp(233): warning C4018: “<”: 有符号/无符号不匹配
d:\c++projects\magnetkernel\magnetkernel\mgrenderer.cpp(323): warning C4018: “<”: 有符号/无符号不匹配
d:\c++projects\magnetkernel\magnetkernel\mgrenderer.cpp(412): warning C4018: “<”: 有符号/无符号不匹配
  MGInstance.cpp
d:\c++projects\magnetkernel\magnetkernel\mginstance.cpp(87): warning C4018: “<”: 有符号/无符号不匹配
d:\c++projects\magnetkernel\magnetkernel\mginstance.cpp(119): warning C4554: “&”: 检查运算符优先级可能存在的错误；使用圆括号阐明优先级
  正在生成代码...
d:\c++projects\magnetkernel\magnetkernel\mgrenderer.cpp(1121): warning C4715: “MGRenderer::findSupportedImageFormat”: 不是所有的控件路径都返回值
  MagnetKernel.vcxproj -> D:\C++Projects\MagnetKernel\Debug\MagnetKernel.exe
  MagnetKernel.vcxproj -> D:\C++Projects\MagnetKernel\Debug\MagnetKernel.pdb (Partial PDB)
